<?xml version="1.0" encoding="UTF-8"?>
<!-- Generated by org.testng.reporters.JUnitReportReporter -->
<testsuite hostname="D95TX93" failures="0" tests="5" name="testCases.TC_003_LoginDDT" time="38.790" errors="0" timestamp="2024-02-21T16:50:12 IST" skipped="0">
  <testcase classname="testCases.TC_003_LoginDDT" name="verify_loginDDT" time="11.663"/>
  <testcase classname="testCases.TC_003_LoginDDT" name="verify_loginDDT" time="2.481"/>
  <testcase classname="testCases.TC_003_LoginDDT" name="verify_loginDDT" time="11.132"/>
  <testcase classname="testCases.TC_003_LoginDDT" name="verify_loginDDT" time="2.329"/>
  <testcase classname="testCases.TC_003_LoginDDT" name="verify_loginDDT" time="11.185"/>
</testsuite> <!-- testCases.TC_003_LoginDDT -->
