<?xml version="1.0" encoding="UTF-8"?>
<!-- Generated by org.testng.reporters.JUnitReportReporter -->
<testsuite hostname="D95TX93" failures="0" tests="1" name="testCases.TC_001_AccountRegistrationTest" time="1.333" errors="0" timestamp="2024-02-21T19:10:19 IST" skipped="0">
  <testcase classname="testCases.TC_001_AccountRegistrationTest" name="verify_account_registration" time="1.333"/>
</testsuite> <!-- testCases.TC_001_AccountRegistrationTest -->
