<?xml version="1.0" encoding="UTF-8"?>
<!-- Generated by org.testng.reporters.JUnitReportReporter -->
<testsuite hostname="D95TX93" failures="0" tests="1" name="testCases.TC_002_LoginTest" time="1.964" errors="0" timestamp="2024-02-21T18:03:16 IST" skipped="0">
  <testcase classname="testCases.TC_002_LoginTest" name="verify_login" time="1.964"/>
</testsuite> <!-- testCases.TC_002_LoginTest -->
