<?xml version="1.0" encoding="UTF-8"?>
<!-- Generated by org.testng.reporters.JUnitReportReporter -->
<testsuite hostname="D95TX93" failures="0" tests="1" name="testCases.TC_001_AccountRegistrationTest" time="1.416" errors="0" timestamp="2024-02-22T11:12:04 IST" skipped="0">
  <testcase classname="testCases.TC_001_AccountRegistrationTest" name="verify_account_registration" time="1.416"/>
</testsuite> <!-- testCases.TC_001_AccountRegistrationTest -->
